#
# There is insufficient memory for the Java Runtime Environment to continue.
# Native memory allocation (mmap) failed to map 1073741824 bytes for Failed to commit area from 0x0000000402c00000 to 0x0000000442c00000 of length 1073741824.
# Possible reasons:
#   The system is out of physical RAM or swap space
#   The process is running with CompressedOops enabled, and the Java Heap may be blocking the growth of the native heap
# Possible solutions:
#   Reduce memory load on the system
#   Increase physical memory or swap space
#   Check if swap backing store is full
#   Decrease Java heap size (-Xmx/-Xms)
#   Decrease number of Java threads
#   Decrease Java thread stack sizes (-Xss)
#   Set larger code cache with -XX:ReservedCodeCacheSize=
# This output file may be truncated or incomplete.
#
#  Out of Memory Error (./src/hotspot/os/windows/os_windows.cpp:3387), pid=99896, tid=100248
#
# JRE version:  (11.0.14.1+1) (build )
# Java VM: OpenJDK 64-Bit Server VM (11.0.14.1+1, mixed mode, sharing, tiered, compressed oops, g1 gc, windows-amd64)
# No core dump will be written. Minidumps are not enabled by default on client versions of Windows
#

---------------  S U M M A R Y ------------

Command Line: -Dfile.encoding=UTF-8 

Host: 12th Gen Intel(R) Core(TM) i7-12700KF, 20 cores, 63G,  Windows 10 , 64 bit Build 19041 (10.0.19041.3031)
Time: Fri Jun 14 15:46:14 2024 中国标准时间 elapsed time: 0.013228 seconds (0d 0h 0m 0s)

---------------  T H R E A D  ---------------

Current thread (0x000002360cb91800):  JavaThread "Unknown thread" [_thread_in_vm, id=100248, stack(0x000000e4af500000,0x000000e4af600000)]

Stack: [0x000000e4af500000,0x000000e4af600000]
Native frames: (J=compiled Java code, j=interpreted, Vv=VM code, C=native code)
V  [jvm.dll+0x61e59a]
V  [jvm.dll+0x7aaca9]
V  [jvm.dll+0x7ac398]
V  [jvm.dll+0x7aca73]
V  [jvm.dll+0x24f9b8]
V  [jvm.dll+0x61b83a]
V  [jvm.dll+0x6100c5]
V  [jvm.dll+0x30772c]
V  [jvm.dll+0x3075b2]
V  [jvm.dll+0x30c2d6]
V  [jvm.dll+0x35272f]
V  [jvm.dll+0x352160]
V  [jvm.dll+0x2e4728]
V  [jvm.dll+0x2e5886]
V  [jvm.dll+0x784b07]
V  [jvm.dll+0x78628f]
V  [jvm.dll+0x35f479]
V  [jvm.dll+0x767aa0]
V  [jvm.dll+0x3ccf1f]
V  [jvm.dll+0x3cf2b1]
C  [jli.dll+0x5207]
C  [ucrtbase.dll+0x21bb2]
C  [KERNEL32.DLL+0x17614]
C  [ntdll.dll+0x526f1]


---------------  P R O C E S S  ---------------

Threads class SMR info:
_java_thread_list=0x000002360a920e60, length=0, elements={
}

Java Threads: ( => current thread )

Other Threads:
  0x000002360cba6000 GCTaskThread "GC Thread#0" [stack: 0x000000e4af600000,0x000000e4af700000] [id=18456]
  0x000002360cc65000 ConcurrentGCThread "G1 Main Marker" [stack: 0x000000e4af700000,0x000000e4af800000] [id=30772]
  0x000002360cc66800 ConcurrentGCThread "G1 Conc#0" [stack: 0x000000e4af800000,0x000000e4af900000] [id=10968]

[error occurred during error reporting (printing all threads), id 0xc0000005, EXCEPTION_ACCESS_VIOLATION (0xc0000005) at pc=0x00007ffc79a13ef7]

VM state:not at safepoint (not fully initialized)

VM Mutex/Monitor currently owned by a thread:  ([mutex/lock_event])
[0x000002360cb8ba50] Heap_lock - owner thread: 0x000002360cb91800

Heap address: 0x0000000402c00000, size: 16340 MB, Compressed Oops mode: Non-zero based: 0x0000000402c00000
Narrow klass base: 0x0000000000000000, Narrow klass shift: 0

GC Heap History (0 events):
No events

Deoptimization events (0 events):
No events

Classes redefined (0 events):
No events

Internal exceptions (0 events):
No events

Events (1 events):
Event: 0.003 Loaded shared library D:\Programs\Unity\2022.3.28f1c1\Editor\Data\PlaybackEngines\AndroidPlayer\OpenJDK\bin\zip.dll


Dynamic libraries:
0x00007ff66d660000 - 0x00007ff66d66d000 	D:\Programs\Unity\2022.3.28f1c1\Editor\Data\PlaybackEngines\AndroidPlayer\OpenJDK\bin\java.exe
0x00007ffdfcd10000 - 0x00007ffdfcf08000 	C:\Windows\SYSTEM32\ntdll.dll
0x00007ffdfc9c0000 - 0x00007ffdfca7f000 	C:\Windows\System32\KERNEL32.DLL
0x00007ffdfa590000 - 0x00007ffdfa886000 	C:\Windows\System32\KERNELBASE.dll
0x00007ffdfa930000 - 0x00007ffdfaa30000 	C:\Windows\System32\ucrtbase.dll
0x00007ffdc6240000 - 0x00007ffdc6257000 	D:\Programs\Unity\2022.3.28f1c1\Editor\Data\PlaybackEngines\AndroidPlayer\OpenJDK\bin\jli.dll
0x00007ffdc6260000 - 0x00007ffdc6275000 	D:\Programs\Unity\2022.3.28f1c1\Editor\Data\PlaybackEngines\AndroidPlayer\OpenJDK\bin\VCRUNTIME140.dll
0x00007ffdfaff0000 - 0x00007ffdfb18d000 	C:\Windows\System32\USER32.dll
0x00007ffdfa440000 - 0x00007ffdfa462000 	C:\Windows\System32\win32u.dll
0x00007ffdec8e0000 - 0x00007ffdecb7a000 	C:\Windows\WinSxS\amd64_microsoft.windows.common-controls_6595b64144ccf1df_6.0.19041.1110_none_60b5254171f9507e\COMCTL32.dll
0x00007ffdfc300000 - 0x00007ffdfc32c000 	C:\Windows\System32\GDI32.dll
0x00007ffdfc410000 - 0x00007ffdfc4ae000 	C:\Windows\System32\msvcrt.dll
0x00007ffdfa470000 - 0x00007ffdfa585000 	C:\Windows\System32\gdi32full.dll
0x00007ffdfa890000 - 0x00007ffdfa92d000 	C:\Windows\System32\msvcp_win.dll
0x00007ffdfafa0000 - 0x00007ffdfafd0000 	C:\Windows\System32\IMM32.DLL
0x00007ffdc61a0000 - 0x00007ffdc623b000 	D:\Programs\Unity\2022.3.28f1c1\Editor\Data\PlaybackEngines\AndroidPlayer\OpenJDK\bin\msvcp140.dll
0x00007ffc79720000 - 0x00007ffc7a2a1000 	D:\Programs\Unity\2022.3.28f1c1\Editor\Data\PlaybackEngines\AndroidPlayer\OpenJDK\bin\server\jvm.dll
0x00007ffdfcaf0000 - 0x00007ffdfcb9f000 	C:\Windows\System32\ADVAPI32.dll
0x00007ffdfad70000 - 0x00007ffdfae0c000 	C:\Windows\System32\sechost.dll
0x00007ffdfb190000 - 0x00007ffdfb2b6000 	C:\Windows\System32\RPCRT4.dll
0x00007ffdfafe0000 - 0x00007ffdfafe8000 	C:\Windows\System32\PSAPI.DLL
0x00007ffdeecf0000 - 0x00007ffdeed17000 	C:\Windows\SYSTEM32\WINMM.dll
0x00007ffdf4820000 - 0x00007ffdf4829000 	C:\Windows\SYSTEM32\WSOCK32.dll
0x00007ffdfca80000 - 0x00007ffdfcaeb000 	C:\Windows\System32\WS2_32.dll
0x00007ffdf47f0000 - 0x00007ffdf47fa000 	C:\Windows\SYSTEM32\VERSION.dll
0x00007ffdf8c50000 - 0x00007ffdf8c62000 	C:\Windows\SYSTEM32\kernel.appcore.dll
0x00007ffdc6190000 - 0x00007ffdc61a0000 	D:\Programs\Unity\2022.3.28f1c1\Editor\Data\PlaybackEngines\AndroidPlayer\OpenJDK\bin\verify.dll
0x00007ffdf8000000 - 0x00007ffdf81e4000 	C:\Windows\SYSTEM32\DBGHELP.DLL
0x00007ffde0230000 - 0x00007ffde0264000 	C:\Windows\SYSTEM32\dbgcore.DLL
0x00007ffdfab80000 - 0x00007ffdfac02000 	C:\Windows\System32\bcryptPrimitives.dll
0x00007ffdc6160000 - 0x00007ffdc6188000 	D:\Programs\Unity\2022.3.28f1c1\Editor\Data\PlaybackEngines\AndroidPlayer\OpenJDK\bin\java.dll
0x00007ffdc6150000 - 0x00007ffdc615a000 	D:\Programs\Unity\2022.3.28f1c1\Editor\Data\PlaybackEngines\AndroidPlayer\OpenJDK\bin\jimage.dll
0x00007ffdc6130000 - 0x00007ffdc6148000 	D:\Programs\Unity\2022.3.28f1c1\Editor\Data\PlaybackEngines\AndroidPlayer\OpenJDK\bin\zip.dll

dbghelp: loaded successfully - version: 4.0.5 - missing functions: none
symbol engine: initialized successfully - sym options: 0x614 - pdb path: .;D:\Programs\Unity\2022.3.28f1c1\Editor\Data\PlaybackEngines\AndroidPlayer\OpenJDK\bin;C:\Windows\SYSTEM32;C:\Windows\WinSxS\amd64_microsoft.windows.common-controls_6595b64144ccf1df_6.0.19041.1110_none_60b5254171f9507e;D:\Programs\Unity\2022.3.28f1c1\Editor\Data\PlaybackEngines\AndroidPlayer\OpenJDK\bin\server

VM Arguments:
jvm_args: -Dfile.encoding=UTF-8 
java_command: <unknown>
java_class_path (initial): <not set>
Launcher Type: SUN_STANDARD

[Global flags]
     intx CICompilerCount                          = 12                                        {product} {ergonomic}
     uint ConcGCThreads                            = 4                                         {product} {ergonomic}
     uint G1ConcRefinementThreads                  = 15                                        {product} {ergonomic}
   size_t G1HeapRegionSize                         = 4194304                                   {product} {ergonomic}
    uintx GCDrainStackTargetSize                   = 64                                        {product} {ergonomic}
   size_t InitialHeapSize                          = 1073741824                                {product} {ergonomic}
   size_t MarkStackSize                            = 4194304                                   {product} {ergonomic}
   size_t MaxHeapSize                              = 17133731840                               {product} {ergonomic}
   size_t MinHeapDeltaBytes                        = 4194304                                   {product} {ergonomic}
    uintx NonNMethodCodeHeapSize                   = 7594288                                {pd product} {ergonomic}
    uintx NonProfiledCodeHeapSize                  = 122031976                              {pd product} {ergonomic}
    uintx ProfiledCodeHeapSize                     = 122031976                              {pd product} {ergonomic}
    uintx ReservedCodeCacheSize                    = 251658240                              {pd product} {ergonomic}
     bool SegmentedCodeCache                       = true                                      {product} {ergonomic}
     bool UseCompressedClassPointers               = true                                 {lp64_product} {ergonomic}
     bool UseCompressedOops                        = true                                 {lp64_product} {ergonomic}
     bool UseG1GC                                  = true                                      {product} {ergonomic}
     bool UseLargePagesIndividualAllocation        = false                                  {pd product} {ergonomic}

Logging:
Log output configuration:
 #0: stdout all=warning uptime,level,tags
 #1: stderr all=off uptime,level,tags

Environment Variables:
JAVA_TOOL_OPTIONS=-Dfile.encoding=UTF-8
PATH=C:\Program Files\jdk-8.0.302.8\bin;C:\Windows\system32;C:\Windows;C:\Windows\System32\Wbem;C:\Windows\System32\WindowsPowerShell\v1.0\;C:\Windows\System32\OpenSSH\;C:\Program Files\Microsoft SQL Server\150\Tools\Binn\;C:\Program Files\Microsoft SQL Server\Client SDK\ODBC\170\Tools\Binn\;C:\Program Files\dotnet\;C:\Program Files\Git\cmd;C:\Users\001\AppData\Local\Programs\Python\Python310\Scripts\;C:\Users\001\AppData\Local\Programs\Python\Python310\;C:\Users\001\AppData\Local\Microsoft\WindowsApps;C:\Users\001\AppData\Local\GitHubDesktop\bin;C:\Users\001\.dotnet\tools;D:\Programs\Microsoft VS Code\bin;D:\Program Files\JetBrains\PyCharm 2022.2.1\bin;
USERNAME=001
OS=Windows_NT
PROCESSOR_IDENTIFIER=Intel64 Family 6 Model 151 Stepping 2, GenuineIntel



---------------  S Y S T E M  ---------------

OS: Windows 10 , 64 bit Build 19041 (10.0.19041.3031)
OS uptime: 2 days 20:23 hours

CPU:total 20 (initial active 20) (10 cores per cpu, 2 threads per core) family 6 model 151 stepping 2 microcode 0x32, cmov, cx8, fxsr, mmx, sse, sse2, sse3, ssse3, sse4.1, sse4.2, popcnt, avx, avx2, aes, clmul, erms, 3dnowpref, lzcnt, ht, tsc, tscinvbit, bmi1, bmi2, adx, sha, fma

Memory: 4k page, system-wide physical 65349M (21714M free)
TotalPageFile size 97389M (AvailPageFile size 286M)
current process WorkingSet (physical memory assigned to process): 10M, peak: 10M
current process commit charge ("private bytes"): 76M, peak: 1100M

vm_info: OpenJDK 64-Bit Server VM (11.0.14.1+1) for windows-amd64 JRE (11.0.14.1+1), built on Feb  9 2022 01:48:27 by "" with unknown MS VC++:1916

END.
